2do:
    - программное открытие входящего порта 8843 на роутере
    - прописывание команд бота при установке
    - теоретически можно сделать управление разными роутерами одним ботом
    - можно сделать управление роутером через веб-интерфейс по адресу 192.168.1.1:8443

0.1.3 (2025-04-08)
    - переработана установка web-сервера lighttpd из-за усложнения конфигурации, теперь при установке модулей и автоматическом добавлении конфигурационных файлов 30-*.conf эти файлы не изменяются установщиком, как ранее, а добавляется новый файл с номером бо́льшим на 5, чем самое большое число конфигурационных файлов в папке конфигураций
    - приведены в нормальный вид веб-стринички index.html И none.html, теперь прилично выглядят при входе по 192.168.1.1:8443
    - ограничены права для доступа бота Телеграм только по url (содержащему токен), указанному при регистрации webhook бота, любой другой url веб-сервером отсекается
    - добавлено тестирование сервисов геолокации для выпуска сертификата
    - обновлено описание

0.1.2 (2025-04-04)
    - удалена возможность синхронизации сертификата с роутером, теперь скрипт запускается без параметров: install.sh
    - добавлен выпуск самоподписанного сертификата роутером
    - добавлена регистрация webhook Telegram роутером
    - добавлен параметр пересоздания сертификата и последующей перерегистрации бота: install.sh [--renew]
    - реализовано прослушивание порта ботом и реагирования на команды Телеграм

0.1.1 (2025-03-25)
    - добавлена возможность автоматического формирования/ввода параметров .env и последующего автоматического запуска установки без ручного запуска, парвметрические файлы .env.* удалены
    - добавлен скрипт install.sh с параметрами [--cert|--router] для настройки синхронизации сертификата и установки сервиса на роутере
    - добавлена функциональность активации пользователя

0.1.0 (2025-03-15)
    - написан и отлажен скрипт prepare_cert.sh для создания пользователя на сервере с сертификатами и создания ссылок ключей в домашней папке
